<?xml version="1.0" encoding="UTF-8"?>
<testsuite name="UtilityTest" tests="3" skipped="0" failures="0" errors="0" timestamp="2024-11-11T01:22:32" hostname="mac.lan" time="0.002">
  <properties/>
  <testcase name="testGetRadius" classname="UtilityTest" time="0.001"/>
  <testcase name="testCalculateCircumference" classname="UtilityTest" time="0.0"/>
  <testcase name="testConstructor" classname="UtilityTest" time="0.0"/>
  <system-out><![CDATA[]]></system-out>
  <system-err><![CDATA[]]></system-err>
</testsuite>
