<?xml version="1.0" encoding="UTF-8"?>
<testsuite name="org.example.AppTest" tests="4" skipped="0" failures="0" errors="0" timestamp="2024-11-11T01:22:32" hostname="mac.lan" time="0.002">
  <properties/>
  <testcase name="testCalculate" classname="org.example.AppTest" time="0.0"/>
  <testcase name="testExtractGEO" classname="org.example.AppTest" time="0.002"/>
  <testcase name="testGetGreetingWithGeo" classname="org.example.AppTest" time="0.0"/>
  <testcase name="testGetGreeting" classname="org.example.AppTest" time="0.0"/>
  <system-out><![CDATA[]]></system-out>
  <system-err><![CDATA[]]></system-err>
</testsuite>
